SF:lib\core\failure\failure.dart
DA:5,5
LF:1
LH:1
end_of_record
SF:lib\features\auth\login\domain\usecase\login_usecase.dart
DA:9,0
DA:10,0
DA:11,0
DA:12,0
DA:13,0
DA:22,0
DA:28,0
DA:29,0
DA:30,0
DA:31,0
DA:32,0
DA:33,0
DA:34,0
LF:13
LH:0
end_of_record
SF:lib\features\auth\login\presentation\viewmodel\login_view_model.dart
DA:12,0
DA:13,0
DA:14,0
DA:15,0
DA:16,0
DA:24,3
DA:26,1
DA:28,3
DA:29,2
DA:30,1
DA:31,1
DA:33,2
DA:37,3
DA:38,1
DA:41,1
DA:43,1
DA:49,3
DA:52,1
DA:53,5
DA:56,1
DA:57,1
DA:60,1
DA:70,0
DA:74,0
DA:75,0
DA:76,0
DA:77,0
DA:78,0
DA:79,0
LF:29
LH:17
end_of_record
SF:lib\features\auth\otp\domain\usecases\otp_usecases.dart
DA:6,0
DA:7,0
DA:12,0
DA:14,0
DA:15,0
LF:5
LH:0
end_of_record
SF:lib\features\auth\otp\presentation\viewmodel\otp_view_model.dart
DA:10,0
DA:11,0
DA:12,0
DA:19,1
DA:21,2
DA:22,1
DA:25,1
DA:31,3
DA:32,4
DA:33,1
DA:34,1
DA:35,3
DA:37,1
DA:38,3
DA:39,2
DA:41,0
DA:45,1
DA:46,0
DA:56,1
DA:57,1
DA:58,0
DA:59,0
DA:61,0
DA:62,0
DA:67,1
DA:68,3
LF:26
LH:17
end_of_record
SF:lib\features\auth\register\domain\entity\register_entity.dart
DA:10,1
DA:17,0
DA:18,0
LF:3
LH:1
end_of_record
SF:lib\features\auth\register\domain\usecases\register_usecase.dart
DA:8,0
DA:13,0
DA:15,0
DA:16,0
DA:19,0
DA:20,0
LF:6
LH:0
end_of_record
SF:lib\features\auth\register\presentation\viewmodel\register_view_model.dart
DA:10,0
DA:11,0
DA:12,0
DA:13,0
DA:20,1
DA:22,2
DA:24,1
DA:25,3
DA:26,4
DA:27,1
DA:28,1
DA:30,2
DA:35,1
DA:36,3
DA:38,1
DA:41,3
DA:42,1
DA:44,0
DA:54,1
DA:56,3
DA:57,4
DA:58,1
DA:59,4
DA:60,1
DA:62,3
DA:64,1
DA:72,0
LF:27
LH:21
end_of_record
SF:lib\features\auth\reset_password\domain\usecases\reset_usecase.dart
DA:7,0
DA:8,0
DA:13,0
DA:15,0
DA:16,0
DA:19,0
DA:21,0
LF:7
LH:0
end_of_record
SF:lib\features\auth\reset_password\presentation\viewmodel\reset_view_model.dart
DA:9,0
DA:10,0
DA:11,0
DA:12,0
DA:19,1
DA:21,2
DA:23,1
DA:24,3
DA:25,4
DA:26,1
DA:27,4
DA:28,1
DA:30,3
DA:32,1
DA:40,0
DA:47,1
DA:49,3
DA:50,4
DA:51,1
DA:52,4
DA:53,1
DA:55,3
DA:57,1
DA:59,0
DA:64,0
LF:25
LH:18
end_of_record
SF:lib\features\home\home_view_model.dart
DA:6,0
DA:7,0
DA:8,0
DA:15,3
DA:17,1
DA:18,3
DA:21,1
DA:22,3
DA:25,1
DA:26,3
LF:10
LH:7
end_of_record
SF:lib\core\shared_pref\user_shared_prefs.dart
DA:6,0
DA:7,0
DA:13,0
DA:15,0
DA:16,0
DA:17,0
DA:18,0
DA:19,0
DA:20,0
DA:22,0
DA:26,0
DA:28,0
DA:29,0
DA:30,0
DA:31,0
DA:32,0
DA:33,0
DA:35,0
DA:39,0
DA:41,0
DA:42,0
DA:43,0
DA:45,0
LF:23
LH:0
end_of_record
SF:lib\features\auth\login\domain\repository\login_repository.dart
DA:7,0
LF:1
LH:0
end_of_record
SF:lib\features\auth\otp\domain\repository\otp_repository.dart
DA:7,0
DA:8,0
LF:2
LH:0
end_of_record
SF:lib\features\auth\register\domain\repository\register_repository.dart
DA:9,0
DA:10,0
LF:2
LH:0
end_of_record
SF:lib\features\auth\reset_password\domain\repository\reset_repository.dart
DA:7,0
LF:1
LH:0
end_of_record
SF:lib\features\home\home_state.dart
DA:16,1
DA:22,1
DA:25,1
DA:33,1
DA:35,1
DA:40,1
DA:41,1
DA:42,1
DA:43,1
DA:44,1
LF:10
LH:10
end_of_record
SF:lib\config\constants\hive_table_constant.dart
DA:2,0
LF:1
LH:0
end_of_record
SF:lib\config\routes\app_routes.dart
DA:11,0
DA:21,0
DA:22,0
DA:23,0
DA:24,0
DA:25,0
DA:26,0
DA:27,0
DA:28,0
DA:29,0
LF:10
LH:0
end_of_record
SF:lib\features\home\home_view.dart
DA:9,7
DA:11,0
DA:13,0
DA:14,0
DA:16,0
DA:17,0
DA:18,0
DA:19,0
DA:20,0
DA:23,0
DA:24,0
DA:34,0
DA:35,0
DA:36,0
DA:39,0
DA:40,0
DA:41,0
LF:17
LH:1
end_of_record
SF:lib\features\auth\login\presentation\view\login_view.dart
DA:10,7
DA:12,0
DA:13,0
DA:25,0
DA:27,0
DA:29,0
DA:30,0
DA:31,0
DA:32,0
DA:33,0
DA:37,0
DA:39,0
DA:44,0
DA:46,0
DA:48,0
DA:50,0
DA:51,0
DA:55,0
DA:56,0
DA:57,0
DA:61,0
DA:63,0
DA:64,0
DA:65,0
DA:68,0
DA:70,0
DA:81,0
DA:82,0
DA:83,0
DA:87,0
DA:89,0
DA:90,0
DA:91,0
DA:98,0
DA:100,0
DA:101,0
DA:102,0
DA:106,0
DA:107,0
DA:108,0
DA:109,0
DA:110,0
DA:112,0
DA:115,0
DA:116,0
DA:118,0
DA:120,0
DA:122,0
DA:123,0
DA:124,0
DA:126,0
DA:132,0
DA:138,0
DA:140,0
DA:142,0
DA:148,0
DA:149,0
DA:150,0
DA:151,0
DA:153,0
DA:155,0
DA:175,0
DA:176,0
DA:177,0
DA:178,0
DA:179,0
DA:181,0
DA:184,0
DA:188,0
DA:190,0
DA:191,0
DA:194,0
DA:210,0
DA:215,0
DA:216,0
DA:217,0
DA:218,0
DA:286,0
DA:291,0
DA:293,0
DA:294,0
DA:295,0
DA:296,0
DA:297,0
DA:298,0
DA:299,0
DA:300,0
DA:301,0
DA:302,0
DA:304,0
DA:306,0
LF:91
LH:1
end_of_record
SF:lib\features\auth\reset_password\presentation\view\find_account_view.dart
DA:10,7
DA:12,0
DA:13,0
DA:21,0
DA:23,0
DA:25,0
DA:26,0
DA:27,0
DA:28,0
DA:29,0
DA:33,0
DA:34,0
DA:35,0
DA:37,0
DA:38,0
DA:39,0
DA:41,0
DA:44,0
DA:47,0
DA:48,0
DA:49,0
DA:51,0
DA:53,0
DA:55,0
DA:57,0
DA:59,0
DA:65,0
DA:67,0
DA:68,0
DA:72,0
DA:73,0
DA:75,0
DA:79,0
DA:81,0
DA:83,0
DA:84,0
DA:87,0
DA:89,0
DA:100,0
DA:101,0
DA:102,0
DA:103,0
DA:104,0
DA:105,0
DA:108,0
LF:45
LH:1
end_of_record
SF:lib\features\auth\reset_password\presentation\view\recover_password_view.dart
DA:10,7
DA:12,0
DA:13,0
DA:25,0
DA:28,0
DA:30,0
DA:31,0
DA:32,0
DA:33,0
DA:34,0
DA:38,0
DA:39,0
DA:40,0
DA:42,0
DA:43,0
DA:44,0
DA:46,0
DA:49,0
DA:52,0
DA:53,0
DA:54,0
DA:56,0
DA:58,0
DA:60,0
DA:62,0
DA:64,0
DA:70,0
DA:72,0
DA:73,0
DA:77,0
DA:78,0
DA:80,0
DA:84,0
DA:86,0
DA:87,0
DA:88,0
DA:92,0
DA:94,0
DA:95,0
DA:97,0
DA:100,0
DA:101,0
DA:103,0
DA:104,0
DA:106,0
DA:107,0
DA:109,0
DA:110,0
DA:113,0
DA:116,0
DA:124,0
DA:125,0
DA:127,0
DA:131,0
DA:133,0
DA:134,0
DA:135,0
DA:137,0
DA:147,0
DA:148,0
DA:150,0
DA:153,0
DA:157,0
DA:158,0
DA:159,0
DA:160,0
LF:66
LH:1
end_of_record
SF:lib\features\auth\register\presentation\view\register_view.dart
DA:11,7
DA:13,0
DA:14,0
DA:38,0
DA:40,0
DA:42,0
DA:43,0
DA:44,0
DA:45,0
DA:46,0
DA:50,0
DA:52,0
DA:57,0
DA:59,0
DA:61,0
DA:63,0
DA:64,0
DA:68,0
DA:69,0
DA:70,0
DA:71,0
DA:73,0
DA:74,0
DA:78,0
DA:79,0
DA:80,0
DA:81,0
DA:91,0
DA:92,0
DA:94,0
DA:95,0
DA:99,0
DA:100,0
DA:101,0
DA:102,0
DA:114,0
DA:115,0
DA:117,0
DA:121,0
DA:123,0
DA:125,0
DA:126,0
DA:129,0
DA:131,0
DA:142,0
DA:143,0
DA:145,0
DA:149,0
DA:151,0
DA:152,0
DA:153,0
DA:157,0
DA:159,0
DA:160,0
DA:162,0
DA:165,0
DA:166,0
DA:168,0
DA:169,0
DA:171,0
DA:172,0
DA:174,0
DA:175,0
DA:178,0
DA:181,0
DA:189,0
DA:190,0
DA:192,0
DA:196,0
DA:198,0
DA:199,0
DA:200,0
DA:202,0
DA:212,0
DA:213,0
DA:215,0
DA:218,0
DA:221,0
DA:224,0
DA:227,0
DA:231,0
DA:232,0
DA:233,0
DA:234,0
DA:235,0
DA:238,0
DA:239,0
DA:240,0
DA:243,0
LF:89
LH:1
end_of_record
SF:lib\features\splash\splash_view.dart
DA:8,7
DA:10,0
DA:11,0
DA:18,0
DA:20,0
DA:21,0
DA:22,0
DA:23,0
DA:26,0
DA:29,0
DA:31,0
DA:32,0
DA:35,0
DA:37,0
DA:38,0
DA:39,0
DA:40,0
DA:41,0
DA:42,0
DA:43,0
DA:44,0
DA:46,0
DA:47,0
DA:48,0
LF:24
LH:1
end_of_record
SF:lib\features\auth\otp\presentation\view\otp_view.dart
DA:11,7
DA:13,0
DA:14,0
DA:22,0
DA:24,0
DA:27,0
DA:29,0
DA:30,0
DA:31,0
DA:32,0
DA:33,0
DA:37,0
DA:38,0
DA:39,0
DA:41,0
DA:42,0
DA:43,0
DA:45,0
DA:48,0
DA:51,0
DA:52,0
DA:53,0
DA:55,0
DA:57,0
DA:59,0
DA:61,0
DA:62,0
DA:63,0
DA:64,0
DA:65,0
DA:71,0
DA:73,0
DA:74,0
DA:78,0
DA:79,0
DA:80,0
DA:84,0
DA:85,0
DA:87,0
DA:88,0
DA:97,0
DA:98,0
DA:99,0
DA:100,0
DA:101,0
DA:102,0
DA:103,0
DA:106,0
DA:107,0
DA:108,0
DA:109,0
DA:110,0
DA:113,0
DA:114,0
DA:118,0
DA:119,0
DA:120,0
DA:125,0
DA:129,0
DA:130,0
DA:131,0
DA:140,0
DA:155,0
DA:159,0
DA:161,0
DA:168,0
DA:169,0
DA:171,0
DA:172,0
DA:173,0
DA:174,0
DA:175,0
DA:176,0
DA:177,0
DA:179,0
DA:181,0
DA:183,0
DA:184,0
DA:185,0
DA:186,0
DA:187,0
DA:189,0
DA:192,0
LF:83
LH:1
end_of_record
SF:lib\core\common\messages\alert_dialogue.dart
DA:3,0
DA:10,0
DA:13,0
DA:14,0
DA:19,0
DA:20,0
DA:21,0
DA:22,0
DA:26,0
DA:28,0
DA:29,0
DA:34,0
DA:35,0
DA:36,0
DA:38,0
DA:47,0
DA:48,0
DA:49,0
DA:50,0
DA:61,0
LF:20
LH:0
end_of_record
SF:lib\core\common\messages\snackbar.dart
DA:3,2
DA:8,2
DA:9,0
DA:10,0
DA:26,0
DA:27,0
DA:28,0
DA:29,0
LF:8
LH:2
end_of_record
SF:lib\core\common\provider\get_biometric_setting.dart
DA:4,0
DA:5,0
DA:6,0
DA:13,0
DA:14,0
DA:17,0
DA:18,0
DA:19,0
DA:22,0
DA:23,0
DA:24,0
LF:11
LH:0
end_of_record
SF:lib\core\shared_pref\app_prefs.dart
DA:7,0
DA:8,0
DA:14,0
DA:16,0
DA:17,0
DA:20,0
DA:24,0
DA:26,0
DA:27,0
DA:28,0
DA:30,0
DA:34,0
DA:36,0
DA:37,0
DA:40,0
DA:44,0
DA:46,0
DA:47,0
DA:48,0
DA:50,0
DA:54,0
DA:56,0
DA:57,0
DA:58,0
DA:60,0
DA:64,0
DA:68,0
DA:70,0
DA:71,0
DA:73,0
DA:74,0
DA:75,0
DA:77,0
DA:80,0
LF:34
LH:0
end_of_record
SF:lib\core\common\provider\get_sensor_setting.dart
DA:4,0
DA:5,0
DA:6,0
DA:13,0
DA:14,0
DA:17,0
DA:18,0
DA:19,0
DA:22,0
DA:23,0
DA:24,0
LF:11
LH:0
end_of_record
SF:lib\core\common\provider\get_table.dart
DA:4,0
DA:5,0
DA:6,0
DA:13,0
DA:14,0
DA:17,0
DA:18,0
DA:19,0
DA:22,0
DA:24,0
DA:26,0
DA:28,0
LF:12
LH:0
end_of_record
SF:lib\core\shared_pref\table_prefs.dart
DA:6,0
DA:7,0
DA:13,0
DA:15,0
DA:16,0
DA:17,0
DA:19,0
DA:23,0
DA:25,0
DA:26,0
DA:27,0
DA:29,0
DA:33,0
DA:35,0
DA:36,0
DA:37,0
DA:38,0
DA:40,0
DA:44,0
DA:46,0
DA:47,0
DA:48,0
DA:50,0
DA:54,0
DA:56,0
DA:57,0
LF:26
LH:0
end_of_record
SF:lib\core\common\provider\get_theme.dart
DA:4,0
DA:5,0
DA:6,0
DA:13,0
DA:14,0
DA:17,0
DA:18,0
DA:19,0
DA:20,0
DA:21,0
DA:25,0
DA:26,0
DA:27,0
LF:13
LH:0
end_of_record
SF:lib\core\common\provider\internet_connectivity.dart
DA:6,0
DA:7,0
DA:8,0
DA:14,0
DA:15,0
DA:17,0
DA:18,0
DA:21,0
DA:22,0
DA:26,0
DA:27,0
DA:28,0
DA:29,0
DA:33,0
DA:34,0
LF:15
LH:0
end_of_record
SF:lib\core\common\provider\socket.dart
DA:5,0
DA:6,0
DA:7,0
DA:8,0
DA:16,0
LF:5
LH:0
end_of_record
SF:lib\config\constants\api_endpoints.dart
DA:2,0
LF:1
LH:0
end_of_record
SF:lib\core\common\widgets\amount.dart
DA:7,0
DA:24,0
DA:26,0
DA:29,0
DA:30,0
DA:31,0
DA:32,0
DA:33,0
DA:35,0
DA:37,0
DA:39,0
DA:40,0
DA:41,0
DA:46,0
DA:47,0
DA:48,0
DA:50,0
DA:51,0
DA:52,0
LF:19
LH:0
end_of_record
SF:lib\core\common\widgets\custom_button.dart
DA:5,0
DA:10,0
DA:12,0
DA:13,0
DA:14,0
DA:25,0
DA:31,14
DA:41,0
DA:43,0
DA:47,0
DA:49,0
DA:50,0
DA:51,0
DA:56,0
DA:57,0
DA:58,0
DA:60,0
DA:61,0
DA:63,0
DA:64,0
LF:20
LH:1
end_of_record
SF:lib\core\common\widgets\food_item\food_item_state.dart
DA:8,0
DA:10,0
DA:12,0
DA:21,0
DA:28,0
DA:29,0
DA:30,0
DA:31,0
DA:32,0
DA:33,0
LF:10
LH:0
end_of_record
SF:lib\core\common\widgets\food_item\food_item_view.dart
DA:13,0
DA:32,0
DA:34,0
DA:36,0
DA:38,0
DA:40,0
DA:42,0
DA:43,0
DA:44,0
DA:45,0
DA:46,0
DA:48,0
DA:49,0
DA:57,0
DA:59,0
DA:61,0
DA:62,0
DA:63,0
DA:64,0
DA:65,0
DA:66,0
DA:68,0
DA:70,0
DA:71,0
DA:75,0
DA:79,0
DA:81,0
DA:85,0
DA:86,0
DA:87,0
DA:88,0
DA:95,0
DA:96,0
DA:98,0
DA:99,0
DA:100,0
DA:102,0
DA:105,0
DA:106,0
DA:107,0
DA:108,0
DA:109,0
DA:111,0
DA:112,0
DA:113,0
DA:117,0
DA:119,0
DA:120,0
DA:121,0
DA:122,0
DA:123,0
DA:133,0
DA:135,0
DA:136,0
DA:137,0
DA:143,0
DA:144,0
DA:145,0
DA:146,0
DA:147,0
DA:148,0
DA:149,0
DA:150,0
DA:151,0
DA:153,0
DA:155,0
DA:158,0
DA:159,0
DA:160,0
DA:162,0
DA:163,0
DA:164,0
DA:165,0
DA:167,0
DA:168,0
DA:169,0
DA:177,0
DA:178,0
DA:179,0
DA:186,0
DA:187,0
DA:193,0
DA:194,0
DA:195,0
DA:199,0
DA:200,0
DA:201,0
DA:203,0
DA:204,0
DA:206,0
DA:207,0
DA:208,0
DA:209,0
DA:211,0
DA:212,0
DA:213,0
DA:220,0
DA:221,0
DA:222,0
DA:229,0
DA:230,0
DA:241,0
DA:242,0
DA:243,0
DA:244,0
DA:246,0
DA:247,0
DA:248,0
DA:249,0
DA:251,0
DA:252,0
DA:255,0
DA:256,0
DA:257,0
DA:259,0
DA:260,0
DA:261,0
DA:262,0
DA:263,0
DA:264,0
DA:265,0
DA:266,0
DA:267,0
DA:268,0
DA:274,0
DA:275,0
DA:276,0
DA:277,0
DA:281,0
DA:282,0
DA:283,0
DA:285,0
DA:293,0
DA:294,0
DA:297,0
DA:301,0
DA:302,0
DA:303,0
LF:138
LH:0
end_of_record
SF:lib\core\common\widgets\gif_controller.dart
DA:4,0
DA:5,0
DA:11,0
DA:12,0
DA:13,0
DA:14,0
LF:6
LH:0
end_of_record
SF:lib\core\common\widgets\food_item\food_item_view_model.dart
DA:10,0
DA:11,0
DA:12,0
DA:20,0
DA:21,0
DA:23,0
DA:27,0
DA:28,0
DA:36,0
DA:37,0
DA:40,0
DA:42,0
DA:43,0
DA:44,0
DA:61,0
DA:70,0
DA:77,0
DA:78,0
DA:79,0
DA:83,0
DA:84,0
DA:85,0
DA:89,0
DA:90,0
DA:91,0
DA:92,0
DA:93,0
DA:94,0
DA:96,0
DA:97,0
DA:98,0
DA:99,0
DA:100,0
DA:104,0
DA:107,0
DA:108,0
DA:109,0
DA:110,0
DA:111,0
DA:112,0
DA:113,0
DA:115,0
DA:116,0
DA:119,0
DA:122,0
DA:123,0
DA:124,0
DA:125,0
DA:126,0
DA:127,0
DA:128,0
DA:131,0
DA:132,0
LF:53
LH:0
end_of_record
SF:lib\features\menu\domain\entity\food_entity.dart
DA:11,0
DA:13,0
DA:15,2
DA:23,0
DA:24,0
DA:25,0
DA:26,0
DA:27,0
DA:28,0
DA:29,0
DA:30,0
DA:34,0
DA:36,0
DA:37,0
DA:38,0
DA:39,0
DA:40,0
DA:41,0
DA:45,0
DA:47,0
DA:48,0
DA:49,0
DA:50,0
DA:51,0
DA:52,0
DA:53,0
LF:26
LH:1
end_of_record
SF:lib\features\orders\domain\entity\order_entity.dart
DA:10,0
DA:11,0
DA:13,2
DA:20,0
DA:24,0
DA:25,0
DA:26,0
DA:27,0
DA:28,0
DA:31,0
DA:32,0
DA:33,0
DA:34,0
DA:35,0
DA:36,0
DA:40,0
DA:41,0
DA:42,0
DA:43,0
DA:44,0
DA:45,0
DA:49,0
DA:51,0
LF:23
LH:1
end_of_record
SF:lib\features\favourites\domain\usecases\favourites_usecase.dart
DA:8,0
DA:9,0
DA:10,0
DA:16,0
DA:18,0
DA:19,0
DA:22,0
DA:24,0
LF:8
LH:0
end_of_record
SF:lib\features\menu\presentation\viewmodel\menu_view_model.dart
DA:14,0
DA:15,0
DA:16,0
DA:17,0
DA:18,0
DA:19,0
DA:20,0
DA:31,1
DA:37,2
DA:43,2
DA:44,0
DA:45,0
DA:48,0
DA:55,0
DA:57,1
DA:58,3
DA:59,4
DA:60,1
DA:61,1
DA:62,3
DA:64,1
DA:65,3
DA:68,4
DA:70,5
DA:71,2
DA:77,1
DA:78,3
DA:80,2
DA:82,9
DA:83,4
DA:84,1
DA:85,0
DA:86,1
DA:87,4
DA:88,2
DA:89,3
DA:98,0
DA:100,0
DA:105,1
DA:106,1
DA:107,3
DA:110,4
DA:111,1
DA:112,4
DA:113,1
DA:114,3
DA:122,0
DA:126,4
DA:127,4
DA:128,3
DA:132,4
DA:133,4
DA:134,3
DA:138,1
DA:139,4
DA:141,1
DA:142,2
LF:57
LH:42
end_of_record
SF:lib\features\orders\domain\usecases\order_usecase.dart
DA:8,0
DA:9,0
DA:10,0
DA:17,0
DA:23,0
DA:24,0
DA:27,0
DA:28,0
DA:31,0
DA:32,0
DA:35,0
DA:36,0
DA:39,0
DA:40,0
DA:44,0
DA:45,0
DA:48,0
DA:49,0
DA:52,0
DA:53,0
DA:56,0
DA:57,0
LF:22
LH:0
end_of_record
SF:lib\features\orders\presentation\viewmodel\orders_view_model.dart
DA:9,0
DA:10,0
DA:11,0
DA:12,0
DA:16,1
DA:18,4
DA:24,1
DA:25,3
DA:26,4
DA:27,2
DA:29,1
DA:30,3
DA:31,3
DA:32,0
DA:34,3
DA:38,4
DA:39,2
DA:41,1
DA:42,3
DA:47,3
DA:50,0
DA:51,0
DA:52,0
DA:53,0
DA:55,0
DA:56,0
DA:58,0
DA:63,0
DA:64,0
DA:65,0
DA:68,0
DA:70,0
DA:72,0
DA:73,0
DA:74,0
DA:75,0
DA:76,0
DA:77,0
DA:79,0
DA:81,0
DA:82,0
DA:88,0
DA:90,0
DA:92,0
DA:93,0
DA:95,0
DA:96,0
DA:100,1
DA:101,3
DA:104,1
DA:105,4
DA:108,1
DA:110,3
DA:111,5
DA:113,3
DA:114,5
DA:119,1
DA:120,2
DA:121,1
DA:122,3
LF:60
LH:28
end_of_record
SF:lib\core\common\widgets\order_item\order_item_state.dart
DA:7,0
DA:9,0
DA:11,0
DA:19,0
DA:25,0
DA:26,0
DA:27,0
DA:28,0
DA:29,0
LF:9
LH:0
end_of_record
SF:lib\core\common\widgets\order_item\order_item_view.dart
DA:10,0
DA:17,0
DA:19,0
DA:21,0
DA:22,0
DA:23,0
DA:24,0
DA:25,0
DA:26,0
DA:27,0
DA:28,0
DA:31,0
DA:32,0
DA:33,0
DA:36,0
DA:38,0
DA:39,0
DA:42,0
DA:43,0
DA:44,0
DA:45,0
DA:46,0
DA:47,0
DA:48,0
DA:49,0
DA:60,0
DA:61,0
DA:62,0
DA:66,0
DA:67,0
DA:68,0
DA:69,0
DA:72,0
DA:73,0
DA:75,0
DA:76,0
DA:77,0
DA:79,0
DA:80,0
DA:81,0
DA:83,0
DA:89,0
DA:90,0
DA:91,0
DA:105,0
DA:106,0
DA:107,0
DA:111,0
DA:112,0
DA:113,0
DA:115,0
DA:116,0
DA:118,0
DA:119,0
DA:120,0
DA:122,0
DA:128,0
DA:129,0
DA:130,0
DA:154,0
DA:157,0
DA:158,0
DA:159,0
DA:160,0
DA:162,0
DA:163,0
DA:167,0
DA:170,0
DA:171,0
DA:174,0
DA:175,0
DA:176,0
DA:178,0
DA:179,0
DA:181,0
DA:185,0
DA:186,0
DA:187,0
DA:188,0
DA:190,0
DA:193,0
LF:81
LH:0
end_of_record
SF:lib\core\common\widgets\order_item\order_item_view_model.dart
DA:10,0
DA:11,0
DA:12,0
DA:14,0
DA:15,0
DA:16,0
DA:18,0
DA:28,0
DA:34,0
DA:35,0
DA:36,0
DA:37,0
DA:41,0
DA:42,0
DA:43,0
DA:44,0
DA:45,0
DA:46,0
DA:47,0
DA:48,0
DA:49,0
DA:50,0
DA:51,0
DA:52,0
DA:54,0
DA:58,0
DA:59,0
DA:60,0
DA:61,0
DA:62,0
DA:65,0
DA:66,0
DA:67,0
DA:71,0
DA:72,0
DA:73,0
DA:76,0
DA:77,0
DA:78,0
DA:79,0
DA:80,0
DA:81,0
DA:82,0
DA:84,0
DA:87,0
DA:88,0
DA:89,0
DA:90,0
DA:91,0
DA:94,0
DA:95,0
DA:96,0
DA:102,0
DA:103,0
DA:104,0
DA:105,0
DA:106,0
LF:57
LH:0
end_of_record
SF:lib\features\orders\presentation\state\orders_state.dart
DA:13,1
DA:22,1
DA:24,1
DA:27,3
DA:33,1
DA:41,1
DA:42,1
DA:43,1
DA:44,1
DA:45,1
DA:46,1
DA:47,1
LF:12
LH:12
end_of_record
SF:lib\core\common\widgets\text_field\text_field.dart
DA:6,0
DA:26,0
DA:27,0
DA:31,0
DA:33,0
DA:34,0
DA:36,0
DA:37,0
DA:38,0
DA:40,0
DA:41,0
DA:42,0
DA:46,0
DA:47,0
DA:48,0
DA:49,0
DA:51,0
DA:52,0
DA:55,0
DA:57,0
DA:58,0
DA:61,0
DA:62,0
DA:63,0
DA:64,0
DA:65,0
DA:66,0
DA:68,0
DA:74,0
DA:75,0
DA:76,0
DA:77,0
DA:81,0
DA:84,0
DA:85,0
DA:86,0
DA:87,0
DA:88,0
DA:93,0
DA:94,0
DA:95,0
DA:96,0
DA:99,0
DA:102,0
DA:103,0
DA:104,0
DA:107,0
DA:110,0
DA:111,0
LF:49
LH:0
end_of_record
SF:lib\core\common\widgets\text_field\text_field_view_model.dart
DA:5,0
DA:6,0
DA:7,0
DA:13,0
DA:14,0
DA:15,0
DA:16,0
DA:17,0
DA:19,0
DA:24,0
DA:25,0
LF:11
LH:0
end_of_record
SF:lib\core\common\widgets\text_field\text_field_state.dart
DA:7,0
DA:9,0
DA:10,0
DA:13,0
DA:17,0
DA:18,0
LF:6
LH:0
end_of_record
SF:lib\core\networking\local\hive_service.dart
DA:9,0
DA:12,0
DA:13,0
DA:14,0
DA:16,0
DA:17,0
DA:21,0
DA:22,0
DA:23,0
DA:24,0
DA:25,0
DA:28,0
DA:29,0
DA:30,0
DA:31,0
DA:35,0
DA:36,0
DA:37,0
DA:38,0
DA:42,0
DA:43,0
DA:44,0
DA:45,0
DA:48,0
DA:49,0
DA:50,0
DA:51,0
DA:52,0
DA:57,0
DA:58,0
DA:59,0
DA:60,0
DA:61,0
DA:64,0
DA:65,0
DA:66,0
DA:67,0
DA:71,0
DA:72,0
DA:73,0
DA:74,0
DA:75,0
DA:80,0
DA:81,0
DA:82,0
DA:83,0
DA:84,0
DA:87,0
DA:88,0
DA:89,0
DA:90,0
DA:95,0
DA:96,0
DA:100,0
DA:101,0
DA:102,0
DA:103,0
LF:57
LH:0
end_of_record
SF:lib\features\favourites\data\model\favourites_hive_model.g.dart
DA:13,0
DA:15,0
DA:16,0
DA:17,0
DA:19,0
DA:20,0
DA:21,0
DA:22,0
DA:23,0
DA:24,0
DA:28,0
DA:31,0
DA:32,0
DA:33,0
DA:34,0
DA:35,0
DA:36,0
DA:37,0
DA:38,0
DA:39,0
DA:40,0
DA:41,0
DA:44,0
DA:45,0
DA:47,0
DA:50,0
DA:51,0
DA:52,0
LF:28
LH:0
end_of_record
SF:lib\features\favourites\data\model\favourites_hive_model.dart
DA:9,0
DA:10,0
DA:31,0
DA:32,0
DA:34,0
DA:42,0
DA:43,0
DA:44,0
DA:45,0
DA:46,0
DA:47,0
DA:49,0
DA:50,0
DA:51,0
DA:52,0
DA:53,0
DA:54,0
DA:56,0
DA:57,0
DA:59,0
DA:60,0
DA:62,0
DA:64,0
LF:23
LH:0
end_of_record
SF:lib\features\orders\data\model\order_hive_model.g.dart
DA:13,0
DA:15,0
DA:16,0
DA:17,0
DA:19,0
DA:20,0
DA:21,0
DA:22,0
DA:23,0
DA:27,0
DA:30,0
DA:31,0
DA:32,0
DA:33,0
DA:34,0
DA:35,0
DA:36,0
DA:37,0
DA:38,0
DA:41,0
DA:42,0
DA:44,0
DA:47,0
DA:48,0
DA:49,0
LF:25
LH:0
end_of_record
SF:lib\features\orders\data\model\order_hive_model.dart
DA:11,0
DA:12,0
DA:30,0
DA:32,0
DA:37,0
DA:39,0
DA:40,0
DA:41,0
DA:42,0
DA:43,0
DA:45,0
DA:46,0
DA:47,0
DA:48,0
DA:49,0
DA:51,0
DA:52,0
DA:54,0
DA:55,0
DA:57,0
DA:59,0
LF:21
LH:0
end_of_record
SF:lib\features\auth\login\data\repository\login_remote_repo_impl.dart
DA:8,0
DA:9,0
DA:10,0
DA:17,0
DA:19,0
DA:21,0
LF:6
LH:0
end_of_record
SF:lib\features\auth\login\data\data_source\login_remote_data_source.dart
DA:9,0
DA:10,0
DA:11,0
DA:12,0
DA:19,0
DA:23,0
DA:28,0
DA:30,0
DA:35,0
DA:36,0
DA:37,0
DA:39,0
DA:40,0
DA:41,0
DA:42,0
DA:44,0
DA:47,0
DA:48,0
DA:49,0
DA:50,0
DA:54,0
DA:55,0
DA:56,0
DA:57,0
DA:58,0
LF:25
LH:0
end_of_record
SF:lib\features\auth\login\presentation\state\login_state.dart
DA:7,1
DA:9,1
DA:10,1
DA:12,1
DA:18,1
DA:19,1
DA:20,1
DA:21,1
DA:22,1
LF:9
LH:9
end_of_record
SF:lib\features\auth\otp\data\data_source\otp_remote_data_source.dart
DA:9,0
DA:10,0
DA:11,0
DA:18,0
DA:20,0
DA:22,0
DA:25,0
DA:26,0
DA:32,0
DA:33,0
DA:34,0
DA:36,0
DA:37,0
LF:13
LH:0
end_of_record
SF:lib\core\networking\remote\http_service.dart
DA:8,0
DA:9,0
DA:15,0
DA:17,0
DA:18,0
DA:19,0
DA:20,0
DA:21,0
DA:22,0
DA:23,0
DA:25,0
LF:11
LH:0
end_of_record
SF:lib\features\auth\otp\data\repository\otp_remote_repo_impl.dart
DA:8,0
DA:9,0
DA:10,0
DA:17,0
DA:19,0
DA:21,0
LF:6
LH:0
end_of_record
SF:lib\features\auth\otp\presentation\state\otp_state.dart
DA:8,1
DA:15,2
DA:22,1
DA:29,1
DA:30,1
DA:31,1
DA:32,1
DA:33,1
DA:35,1
LF:9
LH:9
end_of_record
SF:lib\features\auth\register\data\data_source\register_remote_data_source.dart
DA:11,0
DA:12,0
DA:13,0
DA:14,0
DA:21,0
DA:23,0
DA:25,0
DA:26,0
DA:27,0
DA:28,0
DA:29,0
DA:32,0
DA:35,0
DA:36,0
DA:37,0
DA:38,0
DA:42,0
DA:43,0
DA:47,0
DA:49,0
DA:50,0
DA:51,0
DA:54,0
DA:55,0
DA:56,0
DA:58,0
DA:59,0
LF:27
LH:0
end_of_record
SF:lib\features\auth\register\data\model\register_api_model.dart
DA:14,0
DA:21,0
DA:22,0
DA:23,0
DA:24,0
DA:25,0
DA:26,0
DA:27,0
DA:31,0
DA:32,0
DA:33,0
DA:34,0
DA:35,0
DA:36,0
DA:40,0
DA:41,0
DA:42,0
DA:43,0
DA:44,0
DA:45,0
DA:49,0
DA:50,0
DA:51,0
DA:52,0
DA:53,0
DA:54,0
DA:55,0
LF:27
LH:0
end_of_record
SF:lib\features\auth\register\data\repository\register_remote_repo_impl.dart
DA:9,0
DA:10,0
DA:11,0
DA:18,0
DA:20,0
DA:22,0
DA:25,0
DA:27,0
LF:8
LH:0
end_of_record
SF:lib\features\auth\register\presentation\state\register_state.dart
DA:5,1
DA:7,1
DA:8,1
DA:10,1
DA:15,1
DA:16,0
DA:17,1
LF:7
LH:6
end_of_record
SF:lib\features\auth\reset_password\data\data_source\reset_remote_data_source.dart
DA:9,0
DA:10,0
DA:11,0
DA:12,0
DA:19,0
DA:21,0
DA:23,0
DA:24,0
DA:25,0
DA:26,0
DA:32,0
DA:33,0
DA:34,0
DA:36,0
DA:37,0
DA:41,0
DA:45,0
DA:48,0
DA:49,0
DA:55,0
DA:56,0
DA:57,0
DA:59,0
DA:60,0
LF:24
LH:0
end_of_record
SF:lib\features\auth\reset_password\data\repository\reset_remote_repo_impl.dart
DA:8,0
DA:9,0
DA:10,0
DA:17,0
DA:19,0
DA:21,0
DA:24,0
DA:26,0
LF:8
LH:0
end_of_record
SF:lib\features\auth\reset_password\presentation\state\reset_state.dart
DA:5,1
DA:7,1
DA:8,1
DA:10,1
DA:15,1
DA:16,0
DA:17,1
LF:7
LH:6
end_of_record
SF:lib\features\favourites\data\data_source\favourites_local_data_source.dart
DA:9,0
DA:10,0
DA:11,0
DA:12,0
DA:20,0
DA:26,0
DA:29,0
DA:30,0
DA:33,0
DA:38,0
DA:40,0
DA:41,0
DA:42,0
DA:44,0
LF:14
LH:0
end_of_record
SF:lib\features\favourites\data\data_source\favourites_remote_data_source.dart
DA:15,0
DA:16,0
DA:17,0
DA:18,0
DA:20,0
DA:21,0
DA:30,0
DA:32,0
DA:34,0
DA:35,0
DA:37,0
DA:38,0
DA:40,0
DA:41,0
DA:42,0
DA:44,0
DA:45,0
DA:46,0
DA:47,0
DA:51,0
DA:52,0
DA:56,0
DA:59,0
DA:61,0
DA:62,0
DA:63,0
DA:64,0
DA:67,0
DA:68,0
DA:69,0
DA:70,0
DA:74,0
DA:75,0
LF:33
LH:0
end_of_record
SF:lib\features\menu\data\dto\get_all_food_dto.dart
DA:12,0
DA:14,0
DA:15,0
DA:17,0
DA:19,0
DA:20,0
DA:21,0
DA:22,0
DA:26,0
DA:27,0
DA:28,0
DA:29,0
LF:12
LH:0
end_of_record
SF:lib\features\menu\data\dto\get_all_food_dto.g.dart
DA:9,0
DA:10,0
DA:11,0
DA:12,0
DA:13,0
DA:14,0
DA:17,0
DA:18,0
DA:19,0
DA:20,0
LF:10
LH:0
end_of_record
SF:lib\features\menu\data\model\food_api_model.dart
DA:17,0
DA:26,0
DA:27,0
DA:29,0
DA:32,0
DA:33,0
DA:34,0
DA:35,0
DA:36,0
DA:37,0
DA:38,0
DA:39,0
DA:44,0
DA:45,0
DA:46,0
DA:47,0
DA:48,0
DA:49,0
DA:50,0
DA:51,0
DA:55,0
DA:56,0
DA:57,0
DA:58,0
DA:59,0
DA:60,0
DA:61,0
DA:63,0
DA:64,0
DA:65,0
DA:66,0
DA:67,0
DA:68,0
DA:69,0
DA:70,0
DA:74,0
DA:75,0
DA:77,0
DA:78,0
LF:39
LH:0
end_of_record
SF:lib\features\menu\data\model\food_api_model.g.dart
DA:9,0
DA:10,0
DA:11,0
DA:12,0
DA:13,0
DA:14,0
DA:15,0
DA:18,0
DA:19,0
DA:20,0
DA:21,0
DA:22,0
DA:23,0
DA:24,0
DA:25,0
LF:15
LH:0
end_of_record
SF:lib\features\favourites\data\repository\favourites_local_repo_impl.dart
DA:11,0
DA:12,0
DA:13,0
DA:14,0
DA:21,0
DA:23,0
DA:24,0
DA:27,0
DA:29,0
DA:32,0
DA:35,0
LF:11
LH:0
end_of_record
SF:lib\features\favourites\domain\repository\favourites_repository.dart
DA:10,0
DA:11,0
DA:12,0
DA:13,0
DA:14,0
DA:15,0
DA:17,0
LF:7
LH:0
end_of_record
SF:lib\features\favourites\data\repository\favourites_remote_repo_impl.dart
DA:9,0
DA:10,0
DA:11,0
DA:12,0
DA:19,0
DA:21,0
DA:23,0
DA:26,0
DA:29,0
LF:9
LH:0
end_of_record
SF:lib\features\favourites\presentation\state\favourites_state.dart
DA:7,1
DA:12,1
DA:13,1
DA:14,1
DA:19,1
DA:23,1
DA:24,1
DA:25,0
LF:8
LH:7
end_of_record
SF:lib\features\favourites\presentation\view\favourites_view.dart
DA:13,7
DA:15,0
DA:16,0
DA:20,0
DA:22,0
DA:23,0
DA:24,0
DA:26,0
DA:35,0
DA:36,0
DA:37,0
DA:38,0
DA:41,0
DA:42,0
DA:43,0
DA:44,0
DA:46,0
DA:48,0
DA:51,0
DA:55,0
DA:60,0
DA:61,0
DA:62,0
DA:64,0
DA:69,0
DA:70,0
DA:71,0
DA:72,0
DA:73,0
DA:74,0
DA:90,0
DA:91,0
DA:92,0
DA:93,0
DA:95,0
DA:98,0
DA:99,0
DA:100,0
DA:102,0
DA:103,0
DA:104,0
DA:107,0
DA:109,0
DA:111,0
DA:112,0
DA:113,0
DA:115,0
DA:117,0
DA:118,0
DA:119,0
DA:121,0
DA:123,0
DA:126,0
DA:135,0
DA:136,0
DA:137,0
DA:139,0
DA:144,0
DA:146,0
DA:147,0
LF:60
LH:1
end_of_record
SF:lib\features\orders\presentation\view\orders_view.dart
DA:20,14
DA:22,0
DA:23,0
DA:29,0
DA:31,0
DA:32,0
DA:33,0
DA:34,0
DA:38,0
DA:39,0
DA:41,0
DA:42,0
DA:43,0
DA:44,0
DA:45,0
DA:51,0
DA:52,0
DA:53,0
DA:55,0
DA:56,0
DA:57,0
DA:58,0
DA:60,0
DA:61,0
DA:62,0
DA:63,0
DA:64,0
DA:68,0
DA:70,0
DA:71,0
DA:72,0
DA:73,0
DA:74,0
DA:75,0
DA:76,0
DA:78,0
DA:81,0
DA:83,0
DA:84,0
DA:85,0
DA:87,0
DA:88,0
DA:89,0
DA:91,0
DA:92,0
DA:97,0
DA:98,0
DA:99,0
DA:107,0
DA:108,0
DA:110,0
DA:111,0
DA:116,0
DA:120,0
DA:121,0
DA:122,0
DA:123,0
DA:126,0
DA:127,0
DA:128,0
DA:132,0
DA:133,0
DA:137,0
DA:138,0
DA:140,0
DA:141,0
DA:142,0
DA:147,0
DA:150,0
DA:151,0
DA:153,0
DA:154,0
DA:155,0
DA:156,0
DA:161,0
DA:162,0
DA:163,0
DA:164,0
DA:165,0
DA:166,0
DA:167,0
DA:168,0
DA:175,0
DA:176,0
DA:178,0
DA:179,0
DA:180,0
DA:182,0
DA:187,0
DA:192,0
DA:193,0
DA:195,0
DA:196,0
DA:197,0
DA:199,0
DA:216,0
DA:218,0
DA:219,0
DA:220,0
DA:221,0
DA:222,0
DA:223,0
DA:225,0
DA:232,0
DA:234,0
DA:237,0
DA:238,0
DA:239,0
DA:240,0
DA:241,0
DA:245,0
DA:249,0
DA:250,0
DA:251,0
DA:252,0
DA:253,0
DA:254,0
DA:255,0
DA:256,0
DA:257,0
DA:258,0
DA:259,0
DA:260,0
DA:261,0
DA:262,0
DA:263,0
DA:264,0
DA:265,0
DA:266,0
DA:267,0
DA:268,0
DA:269,0
DA:270,0
DA:271,0
DA:275,0
DA:276,0
DA:278,0
DA:280,0
DA:282,0
DA:283,0
DA:286,0
DA:288,0
DA:290,0
DA:291,0
DA:292,0
DA:298,0
DA:300,0
DA:304,0
DA:305,0
DA:312,0
DA:313,0
DA:314,0
DA:315,0
DA:316,0
DA:317,0
DA:318,0
DA:319,0
DA:320,0
DA:321,0
DA:322,0
DA:325,0
DA:326,0
DA:331,0
DA:333,0
DA:335,0
DA:337,0
DA:338,0
DA:341,0
DA:343,0
DA:345,0
DA:346,0
DA:347,0
DA:353,0
DA:355,0
DA:359,0
DA:360,0
DA:373,0
DA:375,0
DA:378,0
DA:379,0
DA:380,0
DA:383,0
DA:385,0
DA:386,0
DA:389,0
DA:395,0
DA:397,0
DA:400,0
DA:401,0
DA:402,0
DA:408,0
DA:409,0
DA:410,0
DA:411,0
DA:412,0
DA:413,0
DA:414,0
DA:415,0
DA:416,0
DA:417,0
DA:418,0
DA:419,0
DA:420,0
DA:421,0
DA:422,0
DA:423,0
DA:427,0
DA:429,0
DA:432,0
DA:433,0
DA:434,0
DA:437,0
DA:439,0
DA:440,0
DA:442,0
DA:443,0
DA:444,0
DA:450,0
DA:452,0
DA:455,0
DA:456,0
DA:457,0
DA:464,0
DA:466,0
DA:470,0
DA:474,0
DA:476,0
DA:477,0
DA:480,0
DA:481,0
DA:485,0
DA:487,0
DA:489,0
DA:493,0
DA:494,0
DA:497,0
DA:500,0
DA:502,0
DA:505,0
DA:507,0
DA:508,0
DA:510,0
DA:511,0
DA:518,0
DA:519,0
DA:520,0
DA:521,0
DA:522,0
DA:523,0
DA:524,0
DA:527,0
DA:528,0
DA:529,0
DA:530,0
DA:531,0
DA:532,0
DA:541,0
DA:542,0
DA:544,0
DA:545,0
DA:551,0
DA:553,0
DA:554,0
DA:564,0
DA:568,0
DA:570,0
DA:571,0
DA:573,0
DA:575,0
DA:576,0
DA:577,0
DA:580,0
DA:583,0
DA:585,0
DA:589,0
DA:591,0
DA:592,0
DA:595,0
DA:601,0
DA:604,0
DA:605,0
DA:606,0
DA:608,0
LF:283
LH:1
end_of_record
SF:lib\features\favourites\presentation\viewmodel\favourites_view_model.dart
DA:6,0
DA:7,0
DA:8,0
DA:9,0
DA:10,0
DA:17,1
DA:18,1
DA:19,1
DA:24,1
DA:25,3
DA:26,2
DA:27,6
DA:28,3
DA:35,1
DA:36,2
DA:37,1
LF:16
LH:11
end_of_record
SF:lib\features\history\data\data_source\history_remote_data_source.dart
DA:14,0
DA:15,0
DA:21,0
DA:23,0
DA:25,0
DA:26,0
DA:27,0
DA:32,0
DA:33,0
DA:35,0
DA:36,0
DA:38,0
DA:39,0
DA:40,0
DA:41,0
DA:45,0
DA:46,0
LF:17
LH:0
end_of_record
SF:lib\features\history\data\dto\history_dto.dart
DA:11,0
DA:13,0
DA:14,0
DA:16,0
DA:18,0
DA:19,0
DA:20,0
DA:21,0
DA:25,0
DA:26,0
DA:27,0
DA:28,0
LF:12
LH:0
end_of_record
SF:lib\features\history\data\dto\history_dto.g.dart
DA:9,0
DA:10,0
DA:11,0
DA:12,0
DA:13,0
DA:16,0
DA:17,0
DA:18,0
DA:19,0
LF:9
LH:0
end_of_record
SF:lib\features\history\domain\entity\history_entity.dart
DA:12,0
DA:19,0
DA:20,0
LF:3
LH:0
end_of_record
SF:lib\features\orders\data\model\bill_api_model.dart
DA:19,0
DA:29,0
DA:30,0
DA:32,0
DA:34,0
DA:35,0
DA:36,0
DA:37,0
DA:38,0
DA:39,0
DA:40,0
DA:44,0
DA:51,0
DA:52,0
DA:53,0
DA:54,0
DA:55,0
DA:56,0
LF:18
LH:0
end_of_record
SF:lib\features\orders\data\model\bill_api_model.g.dart
DA:9,0
DA:10,0
DA:11,0
DA:12,0
DA:13,0
DA:14,0
DA:15,0
DA:17,0
DA:18,0
DA:19,0
DA:22,0
DA:23,0
DA:24,0
DA:25,0
DA:26,0
DA:27,0
DA:28,0
DA:29,0
DA:30,0
LF:19
LH:0
end_of_record
SF:lib\features\history\data\repository\history_remote_repo_impl.dart
DA:9,0
DA:10,0
DA:11,0
DA:18,0
DA:20,0
DA:22,0
LF:6
LH:0
end_of_record
SF:lib\features\history\domain\repository\history_repository.dart
DA:8,0
DA:9,0
DA:10,0
LF:3
LH:0
end_of_record
SF:lib\features\history\domain\usecases\history_usecase.dart
DA:8,0
DA:9,0
DA:15,0
DA:17,0
DA:18,0
LF:5
LH:0
end_of_record
SF:lib\features\history\presentation\state\history_state.dart
DA:9,1
DA:16,1
DA:17,1
DA:18,1
DA:25,1
DA:31,1
DA:32,1
DA:33,1
DA:34,1
DA:35,1
LF:10
LH:10
end_of_record
SF:lib\features\history\presentation\view\history_view.dart
DA:11,7
DA:13,0
DA:14,0
DA:20,0
DA:22,0
DA:23,0
DA:26,0
DA:28,0
DA:29,0
DA:34,0
DA:36,0
DA:37,0
DA:38,0
DA:39,0
DA:40,0
DA:41,0
DA:46,0
DA:47,0
DA:49,0
DA:57,0
DA:58,0
DA:59,0
DA:60,0
DA:69,0
DA:70,0
DA:71,0
DA:72,0
DA:74,0
DA:75,0
DA:76,0
DA:77,0
DA:78,0
DA:79,0
DA:82,0
DA:83,0
DA:84,0
DA:87,0
DA:88,0
DA:90,0
DA:91,0
DA:92,0
DA:95,0
DA:96,0
DA:97,0
DA:98,0
DA:99,0
DA:101,0
DA:102,0
DA:106,0
DA:107,0
DA:108,0
DA:109,0
DA:110,0
DA:118,0
DA:119,0
DA:122,0
DA:123,0
DA:129,0
DA:131,0
DA:141,0
DA:144,0
DA:148,0
DA:154,0
DA:156,0
DA:166,0
DA:168,0
DA:169,0
DA:182,0
DA:183,0
LF:69
LH:1
end_of_record
SF:lib\features\history\presentation\viewmodel\history_view_model.dart
DA:6,0
DA:7,0
DA:8,0
DA:13,1
DA:15,1
DA:16,1
DA:21,1
DA:22,2
DA:23,1
DA:26,1
DA:27,3
DA:28,1
DA:29,2
DA:30,1
DA:31,1
DA:33,2
DA:34,1
DA:35,1
DA:36,3
DA:37,1
DA:38,1
DA:39,3
DA:41,0
DA:42,0
LF:24
LH:19
end_of_record
SF:lib\features\menu\presentation\view\menu_view.dart
DA:17,7
DA:19,0
DA:20,0
DA:31,0
DA:33,0
DA:34,0
DA:35,0
DA:38,0
DA:41,0
DA:43,0
DA:44,0
DA:47,0
DA:49,0
DA:50,0
DA:52,0
DA:53,0
DA:54,0
DA:55,0
DA:56,0
DA:57,0
DA:58,0
DA:60,0
DA:61,0
DA:62,0
DA:63,0
DA:65,0
DA:68,0
DA:69,0
DA:70,0
DA:71,0
DA:72,0
DA:74,0
DA:76,0
DA:81,0
DA:92,0
DA:93,0
DA:106,0
DA:107,0
DA:110,0
DA:115,0
DA:116,0
DA:117,0
DA:120,0
DA:124,0
DA:132,0
DA:133,0
DA:134,0
DA:135,0
DA:136,0
DA:140,0
DA:145,0
DA:146,0
DA:147,0
DA:148,0
DA:149,0
DA:150,0
DA:151,0
DA:185,0
DA:186,0
DA:188,0
DA:189,0
DA:190,0
DA:191,0
DA:192,0
DA:193,0
DA:194,0
DA:195,0
DA:200,0
DA:202,0
DA:203,0
DA:205,0
DA:208,0
DA:214,0
DA:215,0
DA:216,0
DA:217,0
DA:218,0
DA:219,0
DA:220,0
DA:221,0
DA:224,0
DA:225,0
DA:226,0
DA:227,0
DA:231,0
DA:232,0
DA:233,0
DA:234,0
DA:235,0
DA:237,0
DA:242,0
DA:243,0
DA:244,0
DA:245,0
DA:246,0
DA:248,0
DA:250,0
DA:326,0
DA:327,0
DA:328,0
DA:329,0
DA:330,0
DA:332,0
DA:334,0
DA:335,0
DA:336,0
DA:337,0
DA:338,0
DA:339,0
DA:340,0
DA:342,0
DA:347,0
DA:348,0
DA:349,0
DA:352,0
DA:356,0
DA:359,0
DA:361,0
DA:365,0
DA:370,0
DA:372,0
DA:373,0
DA:374,0
DA:375,0
DA:376,0
DA:377,0
DA:378,0
DA:383,0
DA:385,0
DA:387,0
DA:388,0
DA:390,0
DA:391,0
DA:393,0
DA:394,0
DA:395,0
DA:396,0
DA:399,0
DA:403,0
DA:405,0
DA:408,0
DA:410,0
DA:414,0
DA:416,0
DA:418,0
DA:421,0
DA:435,0
DA:441,0
DA:442,0
DA:444,0
DA:445,0
DA:446,0
DA:448,0
DA:451,0
DA:452,0
DA:455,0
DA:456,0
DA:457,0
DA:459,0
DA:463,0
DA:465,0
DA:466,0
DA:467,0
DA:468,0
DA:470,0
DA:480,0
DA:481,0
DA:482,0
DA:483,0
DA:488,0
DA:489,0
DA:490,0
DA:491,0
DA:500,0
DA:501,0
DA:502,0
DA:503,0
DA:505,0
DA:508,0
DA:509,0
DA:512,0
DA:513,0
DA:514,0
DA:516,0
DA:520,0
DA:521,0
DA:522,0
DA:523,0
DA:524,0
DA:525,0
DA:542,0
DA:543,0
DA:544,0
DA:546,0
DA:549,0
DA:550,0
DA:551,0
DA:553,0
DA:554,0
DA:555,0
DA:558,0
DA:560,0
DA:563,0
DA:565,0
DA:568,0
DA:570,0
DA:572,0
DA:575,0
DA:583,0
DA:584,0
DA:585,0
DA:587,0
DA:592,0
DA:594,0
DA:595,0
DA:602,0
DA:606,0
DA:608,0
DA:609,0
DA:610,0
DA:611,0
DA:612,0
DA:613,0
DA:620,0
DA:621,0
DA:622,0
LF:226
LH:1
end_of_record
SF:lib\features\offers\offers_view.dart
DA:5,7
DA:7,0
DA:9,0
DA:10,0
DA:12,0
LF:5
LH:1
end_of_record
SF:lib\features\scanner\presentation\view\scanning_view.dart
DA:14,7
DA:16,0
DA:17,0
DA:24,0
DA:26,0
DA:27,0
DA:28,0
DA:29,0
DA:30,0
DA:33,0
DA:34,0
DA:37,0
DA:38,0
DA:39,0
DA:42,0
DA:44,0
DA:45,0
DA:46,0
DA:49,0
DA:52,0
DA:53,0
DA:55,0
DA:56,0
DA:57,0
DA:59,0
DA:61,0
DA:62,0
DA:64,0
DA:67,0
DA:68,0
DA:70,0
DA:71,0
DA:73,0
DA:74,0
DA:83,0
DA:84,0
DA:85,0
DA:87,0
DA:88,0
DA:90,0
DA:91,0
DA:92,0
DA:93,0
DA:94,0
DA:95,0
DA:96,0
DA:99,0
DA:100,0
DA:108,0
DA:109,0
DA:110,0
DA:111,0
DA:116,0
DA:118,0
DA:119,0
DA:120,0
DA:121,0
DA:126,0
DA:127,0
DA:128,0
DA:132,0
DA:135,0
DA:137,0
DA:138,0
DA:141,0
DA:147,0
DA:149,0
DA:151,0
DA:152,0
DA:153,0
DA:156,0
DA:160,0
DA:165,0
DA:167,0
DA:178,0
DA:182,0
DA:183,0
DA:184,0
DA:185,0
DA:187,0
DA:190,0
LF:81
LH:1
end_of_record
SF:lib\features\profile\presentation\view\profile_view.dart
DA:15,7
DA:17,0
DA:18,0
DA:26,0
DA:28,0
DA:29,0
DA:30,0
DA:31,0
DA:34,0
DA:38,0
DA:40,0
DA:42,0
DA:43,0
DA:45,0
DA:54,0
DA:55,0
DA:57,0
DA:58,0
DA:59,0
DA:61,0
DA:63,0
DA:67,0
DA:70,0
DA:71,0
DA:81,0
DA:82,0
DA:84,0
DA:86,0
DA:87,0
DA:88,0
DA:89,0
DA:90,0
DA:91,0
DA:92,0
DA:97,0
DA:98,0
DA:108,0
DA:109,0
DA:111,0
DA:113,0
DA:114,0
DA:115,0
DA:116,0
DA:117,0
DA:118,0
DA:119,0
DA:120,0
DA:121,0
DA:126,0
DA:127,0
DA:137,0
DA:138,0
DA:140,0
DA:142,0
DA:143,0
DA:144,0
DA:145,0
DA:146,0
DA:147,0
DA:149,0
DA:150,0
DA:152,0
DA:154,0
DA:155,0
DA:157,0
DA:159,0
DA:160,0
DA:166,0
DA:167,0
DA:168,0
DA:169,0
DA:174,0
DA:176,0
DA:177,0
DA:178,0
DA:179,0
DA:184,0
DA:185,0
DA:186,0
DA:190,0
DA:192,0
DA:199,0
DA:200,0
DA:203,0
DA:205,0
DA:216,0
DA:218,0
DA:225,0
DA:226,0
DA:236,0
DA:237,0
DA:238,0
DA:239,0
DA:249,0
DA:250,0
DA:251,0
DA:252,0
DA:253,0
DA:254,0
DA:255,0
DA:256,0
DA:257,0
DA:258,0
DA:263,0
DA:264,0
DA:265,0
DA:266,0
DA:267,0
DA:268,0
DA:269,0
DA:270,0
DA:272,0
DA:273,0
DA:276,0
DA:279,0
DA:281,0
DA:284,0
DA:291,0
DA:292,0
DA:297,0
DA:298,0
DA:300,0
DA:301,0
DA:302,0
DA:307,0
DA:311,0
DA:313,0
DA:315,0
DA:319,0
DA:322,0
DA:323,0
DA:333,0
DA:334,0
DA:335,0
DA:339,0
DA:340,0
DA:342,0
DA:343,0
DA:345,0
DA:347,0
DA:348,0
DA:350,0
DA:352,0
DA:353,0
DA:355,0
DA:357,0
DA:358,0
DA:364,0
DA:365,0
DA:366,0
DA:367,0
DA:372,0
DA:374,0
DA:375,0
DA:376,0
DA:377,0
DA:382,0
DA:383,0
DA:384,0
DA:388,0
DA:390,0
DA:397,0
DA:398,0
DA:408,0
DA:412,0
DA:419,0
DA:420,0
DA:425,0
DA:427,0
DA:429,0
DA:430,0
DA:431,0
DA:434,0
DA:435,0
DA:437,0
DA:439,0
DA:440,0
DA:442,0
DA:444,0
DA:445,0
DA:446,0
DA:448,0
DA:449,0
DA:451,0
DA:454,0
DA:457,0
DA:465,0
DA:467,0
DA:474,0
DA:475,0
DA:477,0
DA:478,0
DA:488,0
DA:489,0
DA:490,0
DA:491,0
DA:501,0
DA:502,0
DA:503,0
DA:504,0
DA:505,0
DA:506,0
DA:507,0
DA:508,0
DA:509,0
DA:510,0
DA:511,0
DA:515,0
DA:516,0
DA:517,0
DA:518,0
DA:519,0
DA:520,0
DA:521,0
DA:522,0
DA:523,0
DA:524,0
DA:525,0
DA:526,0
DA:527,0
DA:531,0
DA:533,0
DA:534,0
DA:538,0
DA:544,0
DA:546,0
DA:549,0
DA:556,0
DA:557,0
DA:568,0
DA:570,0
DA:573,0
DA:574,0
LF:233
LH:1
end_of_record
SF:lib\features\menu\data\data_source\menu_remote_data_source.dart
DA:15,0
DA:16,0
DA:17,0
DA:24,0
DA:26,0
DA:28,0
DA:29,0
DA:31,0
DA:32,0
DA:33,0
DA:34,0
DA:36,0
DA:38,0
DA:39,0
DA:40,0
DA:41,0
DA:45,0
DA:46,0
DA:50,0
DA:54,0
DA:55,0
DA:56,0
DA:58,0
DA:60,0
DA:62,0
DA:63,0
DA:64,0
DA:65,0
DA:69,0
DA:70,0
DA:74,0
DA:77,0
DA:78,0
DA:79,0
DA:80,0
DA:82,0
DA:84,0
DA:86,0
DA:87,0
DA:88,0
DA:89,0
DA:93,0
DA:94,0
LF:43
LH:0
end_of_record
SF:lib\features\menu\data\dto\get_all_category_dto.dart
DA:12,0
DA:14,0
DA:15,0
DA:17,0
DA:19,0
DA:20,0
DA:21,0
DA:22,0
DA:26,0
DA:27,0
DA:28,0
DA:29,0
LF:12
LH:0
end_of_record
SF:lib\features\menu\data\dto\get_all_category_dto.g.dart
DA:9,0
DA:10,0
DA:11,0
DA:12,0
DA:13,0
DA:14,0
DA:17,0
DA:18,0
DA:19,0
DA:20,0
LF:10
LH:0
end_of_record
SF:lib\features\menu\domain\entity\category_entity.dart
DA:9,0
DA:11,0
DA:13,1
DA:19,0
DA:21,0
DA:22,0
DA:23,0
DA:24,0
DA:25,0
LF:9
LH:1
end_of_record
SF:lib\features\menu\data\model\category_api_model.dart
DA:15,0
DA:21,0
DA:22,0
DA:24,0
DA:27,0
DA:28,0
DA:29,0
DA:30,0
DA:31,0
DA:32,0
DA:37,0
DA:38,0
DA:39,0
DA:40,0
DA:41,0
DA:42,0
DA:45,0
DA:46,0
DA:47,0
DA:48,0
DA:49,0
DA:51,0
DA:52,0
DA:53,0
DA:54,0
DA:55,0
DA:56,0
DA:59,0
DA:60,0
DA:62,0
DA:63,0
LF:31
LH:0
end_of_record
SF:lib\features\menu\data\model\category_api_model.g.dart
DA:9,0
DA:10,0
DA:11,0
DA:12,0
DA:13,0
DA:14,0
DA:17,0
DA:18,0
DA:19,0
DA:20,0
DA:21,0
DA:22,0
LF:12
LH:0
end_of_record
SF:lib\features\menu\data\repository\menu_remote_repo_impl.dart
DA:10,0
DA:11,0
DA:12,0
DA:19,0
DA:21,0
DA:23,0
DA:26,0
DA:28,0
DA:31,0
DA:33,0
LF:10
LH:0
end_of_record
SF:lib\features\menu\domain\repository\menu_repository.dart
DA:9,0
DA:10,0
DA:11,0
LF:3
LH:0
end_of_record
SF:lib\features\menu\domain\usecases\menu_usecase.dart
DA:9,0
DA:10,0
DA:16,0
DA:18,0
DA:19,0
DA:22,0
DA:24,0
DA:27,0
DA:29,0
LF:9
LH:0
end_of_record
SF:lib\features\menu\presentation\state\menu_state.dart
DA:26,1
DA:47,1
DA:48,1
DA:53,1
DA:54,1
DA:55,1
DA:56,1
DA:57,1
DA:61,1
DA:66,1
DA:82,1
DA:83,1
DA:84,1
DA:85,1
DA:86,1
DA:87,1
DA:88,1
DA:89,1
DA:90,1
DA:91,1
DA:92,1
DA:93,1
DA:94,1
DA:95,1
DA:96,1
LF:25
LH:25
end_of_record
SF:lib\features\orders\data\data_source\local\order_local_data_source.dart
DA:9,0
DA:10,0
DA:11,0
DA:12,0
DA:20,0
DA:26,0
DA:28,0
DA:29,0
DA:30,0
DA:32,0
DA:36,0
DA:38,0
DA:39,0
DA:40,0
DA:41,0
DA:42,0
DA:44,0
DA:49,0
DA:51,0
DA:52,0
DA:53,0
DA:55,0
DA:59,0
DA:61,0
DA:62,0
DA:63,0
DA:65,0
DA:70,0
DA:72,0
DA:73,0
DA:74,0
DA:76,0
DA:80,0
DA:82,0
DA:85,0
DA:89,0
DA:91,0
DA:92,0
DA:93,0
DA:95,0
DA:99,0
DA:101,0
DA:102,0
DA:103,0
DA:105,0
LF:45
LH:0
end_of_record
SF:lib\features\orders\data\data_source\remote\order_remote_data_source.dart
DA:15,0
DA:16,0
DA:17,0
DA:18,0
DA:19,0
DA:20,0
DA:21,0
DA:30,0
DA:37,0
DA:39,0
DA:41,0
DA:42,0
DA:43,0
DA:45,0
DA:46,0
DA:47,0
DA:48,0
DA:50,0
DA:51,0
DA:52,0
DA:53,0
DA:54,0
DA:58,0
DA:61,0
DA:62,0
DA:63,0
DA:64,0
DA:68,0
DA:69,0
DA:73,0
DA:75,0
DA:76,0
DA:77,0
DA:78,0
DA:79,0
DA:82,0
DA:85,0
DA:86,0
DA:87,0
DA:88,0
DA:92,0
DA:93,0
LF:42
LH:0
end_of_record
SF:lib\features\orders\domain\repository\order_local_repository.dart
DA:8,0
DA:9,0
LF:2
LH:0
end_of_record
SF:lib\features\orders\data\repository\order_local_repo_impl.dart
DA:9,0
DA:10,0
DA:11,0
DA:18,0
DA:20,0
DA:22,0
DA:25,0
DA:27,0
DA:30,0
DA:32,0
DA:35,0
DA:37,0
DA:40,0
DA:42,0
DA:45,0
DA:47,0
DA:50,0
DA:52,0
DA:55,0
DA:57,0
LF:20
LH:0
end_of_record
SF:lib\features\orders\data\repository\order_remote_repo_impl.dart
DA:9,0
DA:10,0
DA:11,0
DA:18,0
DA:20,0
DA:22,0
DA:25,0
DA:27,0
LF:8
LH:0
end_of_record
SF:lib\features\orders\domain\repository\order_remote_repository.dart
DA:8,0
DA:9,0
LF:2
LH:0
end_of_record
SF:lib\features\profile\presentation\state\profile_state.dart
DA:4,1
DA:8,2
DA:10,1
DA:13,1
LF:4
LH:4
end_of_record
SF:lib\features\profile\presentation\viewmodel\profile_view_model.dart
DA:10,0
DA:11,0
DA:12,0
DA:20,3
DA:21,1
DA:24,1
DA:26,1
DA:31,2
DA:32,1
DA:34,0
DA:37,0
DA:45,1
DA:48,2
DA:52,1
DA:55,3
LF:15
LH:10
end_of_record
SF:lib\features\scanner\presentation\state\scanner_state.dart
DA:5,0
DA:10,0
DA:13,0
DA:14,0
DA:15,0
DA:16,0
LF:6
LH:0
end_of_record
SF:lib\features\scanner\presentation\viewmodel\scanning_view_model.dart
DA:11,0
DA:12,0
DA:13,0
DA:14,0
DA:15,0
DA:24,0
DA:25,0
DA:28,0
DA:30,0
DA:31,0
DA:34,0
DA:35,0
DA:42,0
DA:43,0
DA:44,0
DA:45,0
DA:48,0
DA:49,0
LF:18
LH:0
end_of_record
SF:lib\features\splash\splash_view_model.dart
DA:9,0
DA:10,0
DA:11,0
DA:12,0
DA:21,0
DA:22,0
DA:24,0
DA:25,0
DA:26,0
DA:27,0
DA:28,0
DA:29,0
DA:30,0
DA:32,0
DA:35,0
DA:40,0
LF:16
LH:0
end_of_record
SF:lib\core\networking\remote\dio_error_interceptor.dart
DA:4,0
DA:6,0
DA:7,0
DA:8,0
DA:9,0
DA:10,0
DA:11,0
DA:12,0
DA:15,0
DA:16,0
DA:17,0
DA:19,0
DA:23,0
DA:24,0
DA:26,0
DA:29,0
LF:16
LH:0
end_of_record
